"pkg-config --exists libffi"
package configuration for libffi is not found
have_header: checking for ffi.h... -------------------- no

"clang -o conftest -I/Users/akiyamadaiki/.rbenv/versions/2.5.0/include/ruby-2.5.0/x86_64-darwin17 -I/Users/akiyamadaiki/.rbenv/versions/2.5.0/include/ruby-2.5.0/ruby/backward -I/Users/akiyamadaiki/.rbenv/versions/2.5.0/include/ruby-2.5.0 -I. -I/Users/akiyamadaiki/.rbenv/versions/2.5.0/include  -D_XOPEN_SOURCE -D_DARWIN_C_SOURCE -D_DARWIN_UNLIMITED_SELECT -D_REENTRANT    -O3 -Wno-error=shorten-64-to-32  -pipe conftest.c  -L. -L/Users/akiyamadaiki/.rbenv/versions/2.5.0/lib -L. -L/Users/akiyamadaiki/.rbenv/versions/2.5.0/lib  -fstack-protector -L/usr/local/lib     -lruby.2.5.0-static -framework Foundation  -lpthread -ldl -lobjc "
ld: warning: text-based stub file /System/Library/Frameworks//Foundation.framework/Foundation.tbd and library file /System/Library/Frameworks//Foundation.framework/Foundation are out of sync. Falling back to library file for linking.
ld: warning: text-based stub file /System/Library/Frameworks//CoreFoundation.framework/Versions/A/CoreFoundation.tbd and library file /System/Library/Frameworks//CoreFoundation.framework/Versions/A/CoreFoundation are out of sync. Falling back to library file for linking.
checked program was:
/* begin */
1: #include "ruby.h"
2: 
3: int main(int argc, char **argv)
4: {
5:   return 0;
6: }
/* end */

"clang -E -I/Users/akiyamadaiki/.rbenv/versions/2.5.0/include/ruby-2.5.0/x86_64-darwin17 -I/Users/akiyamadaiki/.rbenv/versions/2.5.0/include/ruby-2.5.0/ruby/backward -I/Users/akiyamadaiki/.rbenv/versions/2.5.0/include/ruby-2.5.0 -I. -I/Users/akiyamadaiki/.rbenv/versions/2.5.0/include  -D_XOPEN_SOURCE -D_DARWIN_C_SOURCE -D_DARWIN_UNLIMITED_SELECT -D_REENTRANT    -O3 -Wno-error=shorten-64-to-32  -pipe  conftest.c -o conftest.i"
conftest.c:3:10: fatal error: 'ffi.h' file not found
#include <ffi.h>
         ^~~~~~~
1 error generated.
checked program was:
/* begin */
1: #include "ruby.h"
2: 
3: #include <ffi.h>
/* end */

--------------------

find_header: checking for ffi.h in /usr/local/include,/usr/include/ffi... -------------------- yes

"clang -E -I/Users/akiyamadaiki/.rbenv/versions/2.5.0/include/ruby-2.5.0/x86_64-darwin17 -I/Users/akiyamadaiki/.rbenv/versions/2.5.0/include/ruby-2.5.0/ruby/backward -I/Users/akiyamadaiki/.rbenv/versions/2.5.0/include/ruby-2.5.0 -I. -I/Users/akiyamadaiki/.rbenv/versions/2.5.0/include  -D_XOPEN_SOURCE -D_DARWIN_C_SOURCE -D_DARWIN_UNLIMITED_SELECT -D_REENTRANT    -O3 -Wno-error=shorten-64-to-32  -pipe  conftest.c -o conftest.i"
conftest.c:3:10: fatal error: 'ffi.h' file not found
#include <ffi.h>
         ^~~~~~~
1 error generated.
checked program was:
/* begin */
1: #include "ruby.h"
2: 
3: #include <ffi.h>
/* end */

"clang -E -I/Users/akiyamadaiki/.rbenv/versions/2.5.0/include/ruby-2.5.0/x86_64-darwin17 -I/Users/akiyamadaiki/.rbenv/versions/2.5.0/include/ruby-2.5.0/ruby/backward -I/Users/akiyamadaiki/.rbenv/versions/2.5.0/include/ruby-2.5.0 -I. -I/Users/akiyamadaiki/.rbenv/versions/2.5.0/include  -D_XOPEN_SOURCE -D_DARWIN_C_SOURCE -D_DARWIN_UNLIMITED_SELECT -D_REENTRANT    -O3 -Wno-error=shorten-64-to-32  -pipe -I/usr/local/include conftest.c -o conftest.i"
conftest.c:3:10: fatal error: 'ffi.h' file not found
#include <ffi.h>
         ^~~~~~~
1 error generated.
checked program was:
/* begin */
1: #include "ruby.h"
2: 
3: #include <ffi.h>
/* end */

"clang -E -I/Users/akiyamadaiki/.rbenv/versions/2.5.0/include/ruby-2.5.0/x86_64-darwin17 -I/Users/akiyamadaiki/.rbenv/versions/2.5.0/include/ruby-2.5.0/ruby/backward -I/Users/akiyamadaiki/.rbenv/versions/2.5.0/include/ruby-2.5.0 -I. -I/Users/akiyamadaiki/.rbenv/versions/2.5.0/include  -D_XOPEN_SOURCE -D_DARWIN_C_SOURCE -D_DARWIN_UNLIMITED_SELECT -D_REENTRANT    -O3 -Wno-error=shorten-64-to-32  -pipe -I/usr/include/ffi conftest.c -o conftest.i"
checked program was:
/* begin */
1: #include "ruby.h"
2: 
3: #include <ffi.h>
/* end */

--------------------

have_library: checking for ffi_call() in -lffi... -------------------- yes

"clang -o conftest -I/Users/akiyamadaiki/.rbenv/versions/2.5.0/include/ruby-2.5.0/x86_64-darwin17 -I/Users/akiyamadaiki/.rbenv/versions/2.5.0/include/ruby-2.5.0/ruby/backward -I/Users/akiyamadaiki/.rbenv/versions/2.5.0/include/ruby-2.5.0 -I. -I/usr/include/ffi -I/Users/akiyamadaiki/.rbenv/versions/2.5.0/include  -D_XOPEN_SOURCE -D_DARWIN_C_SOURCE -D_DARWIN_UNLIMITED_SELECT -D_REENTRANT    -O3 -Wno-error=shorten-64-to-32  -pipe conftest.c  -L. -L/Users/akiyamadaiki/.rbenv/versions/2.5.0/lib -L. -L/Users/akiyamadaiki/.rbenv/versions/2.5.0/lib  -fstack-protector -L/usr/local/lib     -lruby.2.5.0-static -framework Foundation -lffi  -lpthread -ldl -lobjc "
ld: warning: text-based stub file /System/Library/Frameworks//Foundation.framework/Foundation.tbd and library file /System/Library/Frameworks//Foundation.framework/Foundation are out of sync. Falling back to library file for linking.
ld: warning: text-based stub file /System/Library/Frameworks//CoreFoundation.framework/Versions/A/CoreFoundation.tbd and library file /System/Library/Frameworks//CoreFoundation.framework/Versions/A/CoreFoundation are out of sync. Falling back to library file for linking.
checked program was:
/* begin */
 1: #include "ruby.h"
 2: 
 3: #include <ffi.h>
 4: 
 5: /*top*/
 6: extern int t(void);
 7: int main(int argc, char **argv)
 8: {
 9:   if (argc > 1000000) {
10:     printf("%p", &t);
11:   }
12: 
13:   return 0;
14: }
15: int t(void) { void ((*volatile p)()); p = (void ((*)()))ffi_call; return !p; }
/* end */

--------------------

have_func: checking for ffi_closure_alloc()... -------------------- no

"clang -o conftest -I/Users/akiyamadaiki/.rbenv/versions/2.5.0/include/ruby-2.5.0/x86_64-darwin17 -I/Users/akiyamadaiki/.rbenv/versions/2.5.0/include/ruby-2.5.0/ruby/backward -I/Users/akiyamadaiki/.rbenv/versions/2.5.0/include/ruby-2.5.0 -I. -I/usr/include/ffi -I/Users/akiyamadaiki/.rbenv/versions/2.5.0/include  -D_XOPEN_SOURCE -D_DARWIN_C_SOURCE -D_DARWIN_UNLIMITED_SELECT -D_REENTRANT    -O3 -Wno-error=shorten-64-to-32  -pipe conftest.c  -L. -L/Users/akiyamadaiki/.rbenv/versions/2.5.0/lib -L. -L/Users/akiyamadaiki/.rbenv/versions/2.5.0/lib  -fstack-protector -L/usr/local/lib    -lffi  -lruby.2.5.0-static -framework Foundation -lffi  -lpthread -ldl -lobjc "
conftest.c:13:57: error: use of undeclared identifier 'ffi_closure_alloc'
int t(void) { void ((*volatile p)()); p = (void ((*)()))ffi_closure_alloc; return !p; }
                                                        ^
1 error generated.
checked program was:
/* begin */
 1: #include "ruby.h"
 2: 
 3: /*top*/
 4: extern int t(void);
 5: int main(int argc, char **argv)
 6: {
 7:   if (argc > 1000000) {
 8:     printf("%p", &t);
 9:   }
10: 
11:   return 0;
12: }
13: int t(void) { void ((*volatile p)()); p = (void ((*)()))ffi_closure_alloc; return !p; }
/* end */

"clang -o conftest -I/Users/akiyamadaiki/.rbenv/versions/2.5.0/include/ruby-2.5.0/x86_64-darwin17 -I/Users/akiyamadaiki/.rbenv/versions/2.5.0/include/ruby-2.5.0/ruby/backward -I/Users/akiyamadaiki/.rbenv/versions/2.5.0/include/ruby-2.5.0 -I. -I/usr/include/ffi -I/Users/akiyamadaiki/.rbenv/versions/2.5.0/include  -D_XOPEN_SOURCE -D_DARWIN_C_SOURCE -D_DARWIN_UNLIMITED_SELECT -D_REENTRANT    -O3 -Wno-error=shorten-64-to-32  -pipe conftest.c  -L. -L/Users/akiyamadaiki/.rbenv/versions/2.5.0/lib -L. -L/Users/akiyamadaiki/.rbenv/versions/2.5.0/lib  -fstack-protector -L/usr/local/lib    -lffi  -lruby.2.5.0-static -framework Foundation -lffi  -lpthread -ldl -lobjc "
ld: warning: text-based stub file /System/Library/Frameworks//Foundation.framework/Foundation.tbd and library file /System/Library/Frameworks//Foundation.framework/Foundation are out of sync. Falling back to library file for linking.
ld: warning: text-based stub file /System/Library/Frameworks//CoreFoundation.framework/Versions/A/CoreFoundation.tbd and library file /System/Library/Frameworks//CoreFoundation.framework/Versions/A/CoreFoundation are out of sync. Falling back to library file for linking.
Undefined symbols for architecture x86_64:
  "_ffi_closure_alloc", referenced from:
      _t in conftest-d8bc73.o
ld: symbol(s) not found for architecture x86_64
clang: error: linker command failed with exit code 1 (use -v to see invocation)
checked program was:
/* begin */
 1: #include "ruby.h"
 2: 
 3: /*top*/
 4: extern int t(void);
 5: int main(int argc, char **argv)
 6: {
 7:   if (argc > 1000000) {
 8:     printf("%p", &t);
 9:   }
10: 
11:   return 0;
12: }
13: extern void ffi_closure_alloc();
14: int t(void) { ffi_closure_alloc(); return 0; }
/* end */

--------------------

have_header: checking for shlwapi.h... -------------------- no

"clang -E -I/Users/akiyamadaiki/.rbenv/versions/2.5.0/include/ruby-2.5.0/x86_64-darwin17 -I/Users/akiyamadaiki/.rbenv/versions/2.5.0/include/ruby-2.5.0/ruby/backward -I/Users/akiyamadaiki/.rbenv/versions/2.5.0/include/ruby-2.5.0 -I. -I/usr/include/ffi -I/Users/akiyamadaiki/.rbenv/versions/2.5.0/include  -D_XOPEN_SOURCE -D_DARWIN_C_SOURCE -D_DARWIN_UNLIMITED_SELECT -D_REENTRANT    -O3 -Wno-error=shorten-64-to-32  -pipe  conftest.c -o conftest.i"
conftest.c:3:10: fatal error: 'shlwapi.h' file not found
#include <shlwapi.h>
         ^~~~~~~~~~~
1 error generated.
checked program was:
/* begin */
1: #include "ruby.h"
2: 
3: #include <shlwapi.h>
/* end */

--------------------

have_func: checking for rb_thread_call_without_gvl()... -------------------- yes

"clang -o conftest -I/Users/akiyamadaiki/.rbenv/versions/2.5.0/include/ruby-2.5.0/x86_64-darwin17 -I/Users/akiyamadaiki/.rbenv/versions/2.5.0/include/ruby-2.5.0/ruby/backward -I/Users/akiyamadaiki/.rbenv/versions/2.5.0/include/ruby-2.5.0 -I. -I/usr/include/ffi -I/Users/akiyamadaiki/.rbenv/versions/2.5.0/include  -D_XOPEN_SOURCE -D_DARWIN_C_SOURCE -D_DARWIN_UNLIMITED_SELECT -D_REENTRANT    -O3 -Wno-error=shorten-64-to-32  -pipe conftest.c  -L. -L/Users/akiyamadaiki/.rbenv/versions/2.5.0/lib -L. -L/Users/akiyamadaiki/.rbenv/versions/2.5.0/lib  -fstack-protector -L/usr/local/lib    -lffi  -lruby.2.5.0-static -framework Foundation -lffi  -lpthread -ldl -lobjc "
conftest.c:13:57: error: use of undeclared identifier 'rb_thread_call_without_gvl'
int t(void) { void ((*volatile p)()); p = (void ((*)()))rb_thread_call_without_gvl; return !p; }
                                                        ^
1 error generated.
checked program was:
/* begin */
 1: #include "ruby.h"
 2: 
 3: /*top*/
 4: extern int t(void);
 5: int main(int argc, char **argv)
 6: {
 7:   if (argc > 1000000) {
 8:     printf("%p", &t);
 9:   }
10: 
11:   return 0;
12: }
13: int t(void) { void ((*volatile p)()); p = (void ((*)()))rb_thread_call_without_gvl; return !p; }
/* end */

"clang -o conftest -I/Users/akiyamadaiki/.rbenv/versions/2.5.0/include/ruby-2.5.0/x86_64-darwin17 -I/Users/akiyamadaiki/.rbenv/versions/2.5.0/include/ruby-2.5.0/ruby/backward -I/Users/akiyamadaiki/.rbenv/versions/2.5.0/include/ruby-2.5.0 -I. -I/usr/include/ffi -I/Users/akiyamadaiki/.rbenv/versions/2.5.0/include  -D_XOPEN_SOURCE -D_DARWIN_C_SOURCE -D_DARWIN_UNLIMITED_SELECT -D_REENTRANT    -O3 -Wno-error=shorten-64-to-32  -pipe conftest.c  -L. -L/Users/akiyamadaiki/.rbenv/versions/2.5.0/lib -L. -L/Users/akiyamadaiki/.rbenv/versions/2.5.0/lib  -fstack-protector -L/usr/local/lib    -lffi  -lruby.2.5.0-static -framework Foundation -lffi  -lpthread -ldl -lobjc "
ld: warning: text-based stub file /System/Library/Frameworks//Foundation.framework/Foundation.tbd and library file /System/Library/Frameworks//Foundation.framework/Foundation are out of sync. Falling back to library file for linking.
ld: warning: text-based stub file /System/Library/Frameworks//CoreFoundation.framework/Versions/A/CoreFoundation.tbd and library file /System/Library/Frameworks//CoreFoundation.framework/Versions/A/CoreFoundation are out of sync. Falling back to library file for linking.
checked program was:
/* begin */
 1: #include "ruby.h"
 2: 
 3: /*top*/
 4: extern int t(void);
 5: int main(int argc, char **argv)
 6: {
 7:   if (argc > 1000000) {
 8:     printf("%p", &t);
 9:   }
10: 
11:   return 0;
12: }
13: extern void rb_thread_call_without_gvl();
14: int t(void) { rb_thread_call_without_gvl(); return 0; }
/* end */

--------------------

have_func: checking for ruby_native_thread_p()... -------------------- yes

"clang -o conftest -I/Users/akiyamadaiki/.rbenv/versions/2.5.0/include/ruby-2.5.0/x86_64-darwin17 -I/Users/akiyamadaiki/.rbenv/versions/2.5.0/include/ruby-2.5.0/ruby/backward -I/Users/akiyamadaiki/.rbenv/versions/2.5.0/include/ruby-2.5.0 -I. -I/usr/include/ffi -I/Users/akiyamadaiki/.rbenv/versions/2.5.0/include  -D_XOPEN_SOURCE -D_DARWIN_C_SOURCE -D_DARWIN_UNLIMITED_SELECT -D_REENTRANT    -O3 -Wno-error=shorten-64-to-32  -pipe conftest.c  -L. -L/Users/akiyamadaiki/.rbenv/versions/2.5.0/lib -L. -L/Users/akiyamadaiki/.rbenv/versions/2.5.0/lib  -fstack-protector -L/usr/local/lib    -lffi  -lruby.2.5.0-static -framework Foundation -lffi  -lpthread -ldl -lobjc "
ld: warning: text-based stub file /System/Library/Frameworks//Foundation.framework/Foundation.tbd and library file /System/Library/Frameworks//Foundation.framework/Foundation are out of sync. Falling back to library file for linking.
ld: warning: text-based stub file /System/Library/Frameworks//CoreFoundation.framework/Versions/A/CoreFoundation.tbd and library file /System/Library/Frameworks//CoreFoundation.framework/Versions/A/CoreFoundation are out of sync. Falling back to library file for linking.
checked program was:
/* begin */
 1: #include "ruby.h"
 2: 
 3: /*top*/
 4: extern int t(void);
 5: int main(int argc, char **argv)
 6: {
 7:   if (argc > 1000000) {
 8:     printf("%p", &t);
 9:   }
10: 
11:   return 0;
12: }
13: int t(void) { void ((*volatile p)()); p = (void ((*)()))ruby_native_thread_p; return !p; }
/* end */

--------------------

have_func: checking for ruby_thread_has_gvl_p()... -------------------- yes

"clang -o conftest -I/Users/akiyamadaiki/.rbenv/versions/2.5.0/include/ruby-2.5.0/x86_64-darwin17 -I/Users/akiyamadaiki/.rbenv/versions/2.5.0/include/ruby-2.5.0/ruby/backward -I/Users/akiyamadaiki/.rbenv/versions/2.5.0/include/ruby-2.5.0 -I. -I/usr/include/ffi -I/Users/akiyamadaiki/.rbenv/versions/2.5.0/include  -D_XOPEN_SOURCE -D_DARWIN_C_SOURCE -D_DARWIN_UNLIMITED_SELECT -D_REENTRANT    -O3 -Wno-error=shorten-64-to-32  -pipe conftest.c  -L. -L/Users/akiyamadaiki/.rbenv/versions/2.5.0/lib -L. -L/Users/akiyamadaiki/.rbenv/versions/2.5.0/lib  -fstack-protector -L/usr/local/lib    -lffi  -lruby.2.5.0-static -framework Foundation -lffi  -lpthread -ldl -lobjc "
conftest.c:13:57: error: use of undeclared identifier 'ruby_thread_has_gvl_p'
int t(void) { void ((*volatile p)()); p = (void ((*)()))ruby_thread_has_gvl_p; return !p; }
                                                        ^
1 error generated.
checked program was:
/* begin */
 1: #include "ruby.h"
 2: 
 3: /*top*/
 4: extern int t(void);
 5: int main(int argc, char **argv)
 6: {
 7:   if (argc > 1000000) {
 8:     printf("%p", &t);
 9:   }
10: 
11:   return 0;
12: }
13: int t(void) { void ((*volatile p)()); p = (void ((*)()))ruby_thread_has_gvl_p; return !p; }
/* end */

"clang -o conftest -I/Users/akiyamadaiki/.rbenv/versions/2.5.0/include/ruby-2.5.0/x86_64-darwin17 -I/Users/akiyamadaiki/.rbenv/versions/2.5.0/include/ruby-2.5.0/ruby/backward -I/Users/akiyamadaiki/.rbenv/versions/2.5.0/include/ruby-2.5.0 -I. -I/usr/include/ffi -I/Users/akiyamadaiki/.rbenv/versions/2.5.0/include  -D_XOPEN_SOURCE -D_DARWIN_C_SOURCE -D_DARWIN_UNLIMITED_SELECT -D_REENTRANT    -O3 -Wno-error=shorten-64-to-32  -pipe conftest.c  -L. -L/Users/akiyamadaiki/.rbenv/versions/2.5.0/lib -L. -L/Users/akiyamadaiki/.rbenv/versions/2.5.0/lib  -fstack-protector -L/usr/local/lib    -lffi  -lruby.2.5.0-static -framework Foundation -lffi  -lpthread -ldl -lobjc "
ld: warning: text-based stub file /System/Library/Frameworks//Foundation.framework/Foundation.tbd and library file /System/Library/Frameworks//Foundation.framework/Foundation are out of sync. Falling back to library file for linking.
ld: warning: text-based stub file /System/Library/Frameworks//CoreFoundation.framework/Versions/A/CoreFoundation.tbd and library file /System/Library/Frameworks//CoreFoundation.framework/Versions/A/CoreFoundation are out of sync. Falling back to library file for linking.
checked program was:
/* begin */
 1: #include "ruby.h"
 2: 
 3: /*top*/
 4: extern int t(void);
 5: int main(int argc, char **argv)
 6: {
 7:   if (argc > 1000000) {
 8:     printf("%p", &t);
 9:   }
10: 
11:   return 0;
12: }
13: extern void ruby_thread_has_gvl_p();
14: int t(void) { ruby_thread_has_gvl_p(); return 0; }
/* end */

--------------------

extconf.h is:
/* begin */
1: #ifndef EXTCONF_H
2: #define EXTCONF_H
3: #define HAVE_RB_THREAD_CALL_WITHOUT_GVL 1
4: #define HAVE_RUBY_NATIVE_THREAD_P 1
5: #define HAVE_RUBY_THREAD_HAS_GVL_P 1
6: #define HAVE_FFI_PREP_CIF_VAR 1
7: #define USE_INTERNAL_LIBFFI 1
8: #define RUBY_1_9 1
9: #endif
/* end */

